<?xml version="1.0" encoding="UTF-8"?>
<testsuite xmlns:xsi="http://www.w3.org/2001/XMLSchema-instance" xsi:noNamespaceSchemaLocation="https://maven.apache.org/surefire/maven-surefire-plugin/xsd/surefire-test-report-3.0.xsd" version="3.0" name="ParsingTest" time="0.125" tests="16" errors="0" skipped="0" failures="0">
  <properties>
    <property name="java.specification.version" value="14"/>
    <property name="sun.cpu.isalist" value="amd64"/>
    <property name="sun.jnu.encoding" value="Cp1251"/>
    <property name="java.class.path" value="C:\[ALL]\JavaSv\ForGit\ForGithub\Calculator&amp;TestsJUnit5\target\test-classes;C:\[ALL]\JavaSv\ForGit\ForGithub\Calculator&amp;TestsJUnit5\target\classes;C:\Users\Svetik\.m2\repository\org\junit\jupiter\junit-jupiter-params\5.7.0\junit-jupiter-params-5.7.0.jar;C:\Users\Svetik\.m2\repository\org\apiguardian\apiguardian-api\1.1.0\apiguardian-api-1.1.0.jar;C:\Users\Svetik\.m2\repository\org\junit\jupiter\junit-jupiter-api\5.7.0\junit-jupiter-api-5.7.0.jar;C:\Users\Svetik\.m2\repository\org\opentest4j\opentest4j\1.2.0\opentest4j-1.2.0.jar;C:\Users\Svetik\.m2\repository\org\junit\platform\junit-platform-commons\1.7.0\junit-platform-commons-1.7.0.jar;C:\Users\Svetik\.m2\repository\org\junit\jupiter\junit-jupiter-engine\5.7.0\junit-jupiter-engine-5.7.0.jar;C:\Users\Svetik\.m2\repository\org\junit\platform\junit-platform-engine\1.7.0\junit-platform-engine-1.7.0.jar;"/>
    <property name="java.vm.vendor" value="Oracle Corporation"/>
    <property name="sun.arch.data.model" value="64"/>
    <property name="user.variant" value=""/>
    <property name="java.vendor.url" value="https://java.oracle.com/"/>
    <property name="user.timezone" value="Europe/Warsaw"/>
    <property name="os.name" value="Windows 10"/>
    <property name="java.vm.specification.version" value="14"/>
    <property name="sun.java.launcher" value="SUN_STANDARD"/>
    <property name="user.country" value="US"/>
    <property name="sun.boot.library.path" value="C:\Program Files\Java\jdk-14.0.2\bin"/>
    <property name="sun.java.command" value="C:\Users\Svetik\AppData\Local\Temp\surefire9061290922208492493\surefirebooter-20221212131707332_3.jar C:\Users\Svetik\AppData\Local\Temp\surefire9061290922208492493 2022-12-12T13-17-06_274-jvmRun1 surefire-20221212131707332_1tmp surefire_0-20221212131707332_2tmp"/>
    <property name="jdk.debug" value="release"/>
    <property name="surefire.test.class.path" value="C:\[ALL]\JavaSv\ForGit\ForGithub\Calculator&amp;TestsJUnit5\target\test-classes;C:\[ALL]\JavaSv\ForGit\ForGithub\Calculator&amp;TestsJUnit5\target\classes;C:\Users\Svetik\.m2\repository\org\junit\jupiter\junit-jupiter-params\5.7.0\junit-jupiter-params-5.7.0.jar;C:\Users\Svetik\.m2\repository\org\apiguardian\apiguardian-api\1.1.0\apiguardian-api-1.1.0.jar;C:\Users\Svetik\.m2\repository\org\junit\jupiter\junit-jupiter-api\5.7.0\junit-jupiter-api-5.7.0.jar;C:\Users\Svetik\.m2\repository\org\opentest4j\opentest4j\1.2.0\opentest4j-1.2.0.jar;C:\Users\Svetik\.m2\repository\org\junit\platform\junit-platform-commons\1.7.0\junit-platform-commons-1.7.0.jar;C:\Users\Svetik\.m2\repository\org\junit\jupiter\junit-jupiter-engine\5.7.0\junit-jupiter-engine-5.7.0.jar;C:\Users\Svetik\.m2\repository\org\junit\platform\junit-platform-engine\1.7.0\junit-platform-engine-1.7.0.jar;"/>
    <property name="sun.cpu.endian" value="little"/>
    <property name="user.home" value="C:\Users\Svetik"/>
    <property name="user.language" value="en"/>
    <property name="java.specification.vendor" value="Oracle Corporation"/>
    <property name="java.version.date" value="2020-07-14"/>
    <property name="java.home" value="C:\Program Files\Java\jdk-14.0.2"/>
    <property name="file.separator" value="\"/>
    <property name="basedir" value="C:\[ALL]\JavaSv\ForGit\ForGithub\Calculator&amp;TestsJUnit5"/>
    <property name="java.vm.compressedOopsMode" value="Zero based"/>
    <property name="line.separator" value="&#10;"/>
    <property name="java.vm.specification.vendor" value="Oracle Corporation"/>
    <property name="java.specification.name" value="Java Platform API Specification"/>
    <property name="surefire.real.class.path" value="C:\Users\Svetik\AppData\Local\Temp\surefire9061290922208492493\surefirebooter-20221212131707332_3.jar"/>
    <property name="user.script" value=""/>
    <property name="sun.management.compiler" value="HotSpot 64-Bit Tiered Compilers"/>
    <property name="java.runtime.version" value="14.0.2+12-46"/>
    <property name="user.name" value="Svetik"/>
    <property name="path.separator" value=";"/>
    <property name="os.version" value="10.0"/>
    <property name="java.runtime.name" value="Java(TM) SE Runtime Environment"/>
    <property name="file.encoding" value="Cp1252"/>
    <property name="java.vm.name" value="Java HotSpot(TM) 64-Bit Server VM"/>
    <property name="localRepository" value="C:\Users\Svetik\.m2\repository"/>
    <property name="java.vendor.url.bug" value="https://bugreport.java.com/bugreport/"/>
    <property name="java.io.tmpdir" value="C:\Users\Svetik\AppData\Local\Temp\"/>
    <property name="idea.version" value="2020.2.3"/>
    <property name="java.version" value="14.0.2"/>
    <property name="user.dir" value="C:\[ALL]\JavaSv\ForGit\ForGithub\Calculator&amp;TestsJUnit5"/>
    <property name="os.arch" value="amd64"/>
    <property name="java.vm.specification.name" value="Java Virtual Machine Specification"/>
    <property name="sun.os.patch.level" value=""/>
    <property name="java.library.path" value="C:\Program Files\Java\jdk-14.0.2\bin;C:\WINDOWS\Sun\Java\bin;C:\WINDOWS\system32;C:\WINDOWS;C:\Program Files\Common Files\Oracle\Java\javapath;C:\Program Files (x86)\Common Files\Oracle\Java\javapath;C:\Program Files (x86)\Intel\Intel(R) Management Engine Components\iCLS\;C:\Program Files\Intel\Intel(R) Management Engine Components\iCLS\;C:\WINDOWS\system32;C:\WINDOWS;C:\WINDOWS\System32\Wbem;C:\WINDOWS\System32\WindowsPowerShell\v1.0\;C:\Program Files (x86)\Intel\Intel(R) Management Engine Components\DAL;C:\Program Files\Intel\Intel(R) Management Engine Components\DAL;C:\Program Files (x86)\Intel\Intel(R) Management Engine Components\IPT;C:\Program Files\Intel\Intel(R) Management Engine Components\IPT;C:\WINDOWS\System32\OpenSSH\;C:\Program Files\Git\cmd;C:\[ALL]\JavaSv\projects\AllureLog\.allure\allure-2.13.6\bin;C:\Program Files\Java\jdk-14.0.2\bin;C:\[ALL]\JavaSv\apache-maven-3.8.1\bin;C:\Users\Svetik\AppData\Local\Microsoft\WindowsApps;C:\Program Files\JetBrains\IntelliJ IDEA 2020.2\bin;;C:\Program Files\JetBrains\IntelliJ IDEA Community Edition 2020.2.3\bin;;C:\Program Files\heroku\bin;C:\Program Files\PostgreSQL\14\bin;;."/>
    <property name="java.vm.info" value="mixed mode, sharing"/>
    <property name="java.vendor" value="Oracle Corporation"/>
    <property name="java.vm.version" value="14.0.2+12-46"/>
    <property name="sun.io.unicode.encoding" value="UnicodeLittle"/>
    <property name="java.class.version" value="58.0"/>
  </properties>
  <testcase name="testCheckOperator(String, String)[1]" classname="ParsingTest" time="0"/>
  <testcase name="testCheckOperator(String, String)[2]" classname="ParsingTest" time="0"/>
  <testcase name="testCheckOperator(String, String)[3]" classname="ParsingTest" time="0"/>
  <testcase name="testCheckOperator(String, String)[4]" classname="ParsingTest" time="0"/>
  <testcase name="testCheckOperator(String, String)[5]" classname="ParsingTest" time="0">
    <system-out><![CDATA[You entered an invalid operator
]]></system-out>
  </testcase>
  <testcase name="testCheckOperator(String, String)[6]" classname="ParsingTest" time="0">
    <system-out><![CDATA[You entered an invalid operator
]]></system-out>
  </testcase>
  <testcase name="testCheckOperator(String, String)[7]" classname="ParsingTest" time="0.015">
    <system-out><![CDATA[You entered an invalid operator
]]></system-out>
  </testcase>
  <testcase name="testInvalidNumber(String)[1]" classname="ParsingTest" time="0">
    <system-out><![CDATA[You enter not a number!
]]></system-out>
  </testcase>
  <testcase name="testInvalidNumber(String)[2]" classname="ParsingTest" time="0">
    <system-out><![CDATA[You enter not a number!
]]></system-out>
  </testcase>
  <testcase name="testInvalidNumber(String)[3]" classname="ParsingTest" time="0.016">
    <system-out><![CDATA[You enter not a number!
]]></system-out>
  </testcase>
  <testcase name="testInvalidNumber(String)[4]" classname="ParsingTest" time="0">
    <system-out><![CDATA[You enter not a number!
]]></system-out>
  </testcase>
  <testcase name="testOverflow" classname="ParsingTest" time="0"/>
  <testcase name="testValidNumber(String, double)[1]" classname="ParsingTest" time="0.015"/>
  <testcase name="testValidNumber(String, double)[2]" classname="ParsingTest" time="0"/>
  <testcase name="testValidNumber(String, double)[3]" classname="ParsingTest" time="0"/>
  <testcase name="testValidNumber(String, double)[4]" classname="ParsingTest" time="0.016"/>
</testsuite>