<?xml version="1.0" encoding="UTF-8"?>
<testsuite xmlns:xsi="http://www.w3.org/2001/XMLSchema-instance" xsi:noNamespaceSchemaLocation="https://maven.apache.org/surefire/maven-surefire-plugin/xsd/surefire-test-report-3.0.xsd" version="3.0" name="ATcourse.RunCucumberTest" time="58.757" tests="7" errors="1" skipped="0" failures="6">
  <properties>
    <property name="java.specification.version" value="14"/>
    <property name="sun.cpu.isalist" value="amd64"/>
    <property name="sun.jnu.encoding" value="Cp1251"/>
    <property name="java.class.path" value="C:\[ALL]\JavaSv\ForGit\ForGithub\Cucumber\target\test-classes;C:\[ALL]\JavaSv\ForGit\ForGithub\Cucumber\target\classes;C:\Users\Svetik\.m2\repository\io\cucumber\cucumber-java\6.8.1\cucumber-java-6.8.1.jar;C:\Users\Svetik\.m2\repository\io\cucumber\cucumber-core\6.8.1\cucumber-core-6.8.1.jar;C:\Users\Svetik\.m2\repository\io\cucumber\cucumber-gherkin\6.8.1\cucumber-gherkin-6.8.1.jar;C:\Users\Svetik\.m2\repository\io\cucumber\cucumber-gherkin-messages\6.8.1\cucumber-gherkin-messages-6.8.1.jar;C:\Users\Svetik\.m2\repository\io\cucumber\messages\13.1.0\messages-13.1.0.jar;C:\Users\Svetik\.m2\repository\io\cucumber\tag-expressions\3.0.0\tag-expressions-3.0.0.jar;C:\Users\Svetik\.m2\repository\io\cucumber\cucumber-expressions\10.3.0\cucumber-expressions-10.3.0.jar;C:\Users\Svetik\.m2\repository\io\cucumber\datatable\3.5.0\datatable-3.5.0.jar;C:\Users\Svetik\.m2\repository\io\cucumber\cucumber-plugin\6.8.1\cucumber-plugin-6.8.1.jar;C:\Users\Svetik\.m2\repository\io\cucumber\docstring\6.8.1\docstring-6.8.1.jar;C:\Users\Svetik\.m2\repository\io\cucumber\html-formatter\9.0.0\html-formatter-9.0.0.jar;C:\Users\Svetik\.m2\repository\io\cucumber\create-meta\2.0.2\create-meta-2.0.2.jar;C:\Users\Svetik\.m2\repository\org\apiguardian\apiguardian-api\1.1.0\apiguardian-api-1.1.0.jar;C:\Users\Svetik\.m2\repository\io\cucumber\cucumber-junit\6.8.1\cucumber-junit-6.8.1.jar;C:\Users\Svetik\.m2\repository\junit\junit\4.13\junit-4.13.jar;C:\Users\Svetik\.m2\repository\org\hamcrest\hamcrest-core\1.3\hamcrest-core-1.3.jar;C:\Users\Svetik\.m2\repository\com\codeborne\selenide\6.11.0\selenide-6.11.0.jar;C:\Users\Svetik\.m2\repository\org\seleniumhq\selenium\selenium-java\4.7.2\selenium-java-4.7.2.jar;C:\Users\Svetik\.m2\repository\org\seleniumhq\selenium\selenium-api\4.7.2\selenium-api-4.7.2.jar;C:\Users\Svetik\.m2\repository\org\seleniumhq\selenium\selenium-chrome-driver\4.7.2\selenium-chrome-driver-4.7.2.jar;C:\Users\Svetik\.m2\repository\com\google\auto\service\auto-service-annotations\1.0.1\auto-service-annotations-1.0.1.jar;C:\Users\Svetik\.m2\repository\com\google\auto\service\auto-service\1.0.1\auto-service-1.0.1.jar;C:\Users\Svetik\.m2\repository\com\google\auto\auto-common\1.2\auto-common-1.2.jar;C:\Users\Svetik\.m2\repository\org\seleniumhq\selenium\selenium-chromium-driver\4.7.2\selenium-chromium-driver-4.7.2.jar;C:\Users\Svetik\.m2\repository\org\seleniumhq\selenium\selenium-json\4.7.2\selenium-json-4.7.2.jar;C:\Users\Svetik\.m2\repository\org\seleniumhq\selenium\selenium-devtools-v106\4.7.2\selenium-devtools-v106-4.7.2.jar;C:\Users\Svetik\.m2\repository\org\seleniumhq\selenium\selenium-devtools-v107\4.7.2\selenium-devtools-v107-4.7.2.jar;C:\Users\Svetik\.m2\repository\org\seleniumhq\selenium\selenium-devtools-v108\4.7.2\selenium-devtools-v108-4.7.2.jar;C:\Users\Svetik\.m2\repository\org\seleniumhq\selenium\selenium-devtools-v85\4.7.2\selenium-devtools-v85-4.7.2.jar;C:\Users\Svetik\.m2\repository\org\seleniumhq\selenium\selenium-edge-driver\4.7.2\selenium-edge-driver-4.7.2.jar;C:\Users\Svetik\.m2\repository\org\seleniumhq\selenium\selenium-firefox-driver\4.7.2\selenium-firefox-driver-4.7.2.jar;C:\Users\Svetik\.m2\repository\org\seleniumhq\selenium\selenium-http\4.7.2\selenium-http-4.7.2.jar;C:\Users\Svetik\.m2\repository\dev\failsafe\failsafe\3.3.0\failsafe-3.3.0.jar;C:\Users\Svetik\.m2\repository\org\seleniumhq\selenium\selenium-ie-driver\4.7.2\selenium-ie-driver-4.7.2.jar;C:\Users\Svetik\.m2\repository\org\seleniumhq\selenium\selenium-remote-driver\4.7.2\selenium-remote-driver-4.7.2.jar;C:\Users\Svetik\.m2\repository\com\beust\jcommander\1.82\jcommander-1.82.jar;C:\Users\Svetik\.m2\repository\io\netty\netty-buffer\4.1.84.Final\netty-buffer-4.1.84.Final.jar;C:\Users\Svetik\.m2\repository\io\netty\netty-codec-http\4.1.84.Final\netty-codec-http-4.1.84.Final.jar;C:\Users\Svetik\.m2\repository\io\netty\netty-codec\4.1.84.Final\netty-codec-4.1.84.Final.jar;C:\Users\Svetik\.m2\repository\io\netty\netty-handler\4.1.84.Final\netty-handler-4.1.84.Final.jar;C:\Users\Svetik\.m2\repository\io\netty\netty-common\4.1.84.Final\netty-common-4.1.84.Final.jar;C:\Users\Svetik\.m2\repository\io\netty\netty-transport-classes-epoll\4.1.84.Final\netty-transport-classes-epoll-4.1.84.Final.jar;C:\Users\Svetik\.m2\repository\io\netty\netty-transport-classes-kqueue\4.1.84.Final\netty-transport-classes-kqueue-4.1.84.Final.jar;C:\Users\Svetik\.m2\repository\io\netty\netty-transport-native-epoll\4.1.84.Final\netty-transport-native-epoll-4.1.84.Final.jar;C:\Users\Svetik\.m2\repository\io\netty\netty-transport-native-kqueue\4.1.84.Final\netty-transport-native-kqueue-4.1.84.Final.jar;C:\Users\Svetik\.m2\repository\io\netty\netty-transport-native-unix-common\4.1.84.Final\netty-transport-native-unix-common-4.1.84.Final.jar;C:\Users\Svetik\.m2\repository\io\netty\netty-transport\4.1.84.Final\netty-transport-4.1.84.Final.jar;C:\Users\Svetik\.m2\repository\io\netty\netty-resolver\4.1.84.Final\netty-resolver-4.1.84.Final.jar;C:\Users\Svetik\.m2\repository\io\opentelemetry\opentelemetry-api\1.19.0\opentelemetry-api-1.19.0.jar;C:\Users\Svetik\.m2\repository\io\opentelemetry\opentelemetry-context\1.19.0\opentelemetry-context-1.19.0.jar;C:\Users\Svetik\.m2\repository\io\opentelemetry\opentelemetry-exporter-logging\1.19.0\opentelemetry-exporter-logging-1.19.0.jar;C:\Users\Svetik\.m2\repository\io\opentelemetry\opentelemetry-sdk-metrics\1.19.0\opentelemetry-sdk-metrics-1.19.0.jar;C:\Users\Svetik\.m2\repository\io\opentelemetry\opentelemetry-sdk-logs\1.19.0-alpha\opentelemetry-sdk-logs-1.19.0-alpha.jar;C:\Users\Svetik\.m2\repository\io\opentelemetry\opentelemetry-api-logs\1.19.0-alpha\opentelemetry-api-logs-1.19.0-alpha.jar;C:\Users\Svetik\.m2\repository\io\opentelemetry\opentelemetry-sdk-common\1.19.0\opentelemetry-sdk-common-1.19.0.jar;C:\Users\Svetik\.m2\repository\io\opentelemetry\opentelemetry-sdk-extension-autoconfigure-spi\1.19.0\opentelemetry-sdk-extension-autoconfigure-spi-1.19.0.jar;C:\Users\Svetik\.m2\repository\io\opentelemetry\opentelemetry-sdk-extension-autoconfigure\1.19.0-alpha\opentelemetry-sdk-extension-autoconfigure-1.19.0-alpha.jar;C:\Users\Svetik\.m2\repository\io\opentelemetry\opentelemetry-exporter-common\1.19.0\opentelemetry-exporter-common-1.19.0.jar;C:\Users\Svetik\.m2\repository\io\opentelemetry\opentelemetry-sdk-trace\1.19.0\opentelemetry-sdk-trace-1.19.0.jar;C:\Users\Svetik\.m2\repository\io\opentelemetry\opentelemetry-sdk\1.19.0\opentelemetry-sdk-1.19.0.jar;C:\Users\Svetik\.m2\repository\io\opentelemetry\opentelemetry-semconv\1.19.0-alpha\opentelemetry-semconv-1.19.0-alpha.jar;C:\Users\Svetik\.m2\repository\io\ous\jtoml\2.0.0\jtoml-2.0.0.jar;C:\Users\Svetik\.m2\repository\net\bytebuddy\byte-buddy\1.12.18\byte-buddy-1.12.18.jar;C:\Users\Svetik\.m2\repository\org\apache\commons\commons-exec\1.3\commons-exec-1.3.jar;C:\Users\Svetik\.m2\repository\org\asynchttpclient\async-http-client\2.12.3\async-http-client-2.12.3.jar;C:\Users\Svetik\.m2\repository\org\asynchttpclient\async-http-client-netty-utils\2.12.3\async-http-client-netty-utils-2.12.3.jar;C:\Users\Svetik\.m2\repository\io\netty\netty-codec-socks\4.1.60.Final\netty-codec-socks-4.1.60.Final.jar;C:\Users\Svetik\.m2\repository\io\netty\netty-handler-proxy\4.1.60.Final\netty-handler-proxy-4.1.60.Final.jar;C:\Users\Svetik\.m2\repository\io\netty\netty-transport-native-epoll\4.1.60.Final\netty-transport-native-epoll-4.1.60.Final-linux-x86_64.jar;C:\Users\Svetik\.m2\repository\io\netty\netty-transport-native-kqueue\4.1.60.Final\netty-transport-native-kqueue-4.1.60.Final-osx-x86_64.jar;C:\Users\Svetik\.m2\repository\org\reactivestreams\reactive-streams\1.0.3\reactive-streams-1.0.3.jar;C:\Users\Svetik\.m2\repository\com\typesafe\netty\netty-reactive-streams\2.0.4\netty-reactive-streams-2.0.4.jar;C:\Users\Svetik\.m2\repository\com\sun\activation\jakarta.activation\1.2.2\jakarta.activation-1.2.2.jar;C:\Users\Svetik\.m2\repository\org\seleniumhq\selenium\selenium-manager\4.7.2\selenium-manager-4.7.2.jar;C:\Users\Svetik\.m2\repository\org\seleniumhq\selenium\selenium-safari-driver\4.7.2\selenium-safari-driver-4.7.2.jar;C:\Users\Svetik\.m2\repository\org\seleniumhq\selenium\selenium-support\4.7.2\selenium-support-4.7.2.jar;C:\Users\Svetik\.m2\repository\org\slf4j\slf4j-api\2.0.6\slf4j-api-2.0.6.jar;C:\Users\Svetik\.m2\repository\com\codeborne\selenide-core\6.11.0\selenide-core-6.11.0.jar;C:\Users\Svetik\.m2\repository\org\opentest4j\opentest4j\1.2.0\opentest4j-1.2.0.jar;C:\Users\Svetik\.m2\repository\io\github\bonigarcia\webdrivermanager\5.3.1\webdrivermanager-5.3.1.jar;C:\Users\Svetik\.m2\repository\com\google\code\gson\gson\2.10\gson-2.10.jar;C:\Users\Svetik\.m2\repository\org\brotli\dec\0.1.2\dec-0.1.2.jar;C:\Users\Svetik\.m2\repository\org\apache\commons\commons-compress\1.22\commons-compress-1.22.jar;C:\Users\Svetik\.m2\repository\org\apache\httpcomponents\client5\httpclient5\5.2.1\httpclient5-5.2.1.jar;C:\Users\Svetik\.m2\repository\org\apache\httpcomponents\core5\httpcore5\5.2\httpcore5-5.2.jar;C:\Users\Svetik\.m2\repository\org\apache\httpcomponents\core5\httpcore5-h2\5.2\httpcore5-h2-5.2.jar;C:\Users\Svetik\.m2\repository\com\google\guava\guava\31.1-jre\guava-31.1-jre.jar;C:\Users\Svetik\.m2\repository\com\google\guava\failureaccess\1.0.1\failureaccess-1.0.1.jar;C:\Users\Svetik\.m2\repository\com\google\guava\listenablefuture\9999.0-empty-to-avoid-conflict-with-guava\listenablefuture-9999.0-empty-to-avoid-conflict-with-guava.jar;C:\Users\Svetik\.m2\repository\com\google\code\findbugs\jsr305\3.0.2\jsr305-3.0.2.jar;C:\Users\Svetik\.m2\repository\org\checkerframework\checker-qual\3.12.0\checker-qual-3.12.0.jar;C:\Users\Svetik\.m2\repository\com\google\errorprone\error_prone_annotations\2.11.0\error_prone_annotations-2.11.0.jar;C:\Users\Svetik\.m2\repository\com\google\j2objc\j2objc-annotations\1.3\j2objc-annotations-1.3.jar;C:\Users\Svetik\.m2\repository\org\apache\commons\commons-lang3\3.12.0\commons-lang3-3.12.0.jar;C:\Users\Svetik\.m2\repository\commons-io\commons-io\2.11.0\commons-io-2.11.0.jar;"/>
    <property name="java.vm.vendor" value="Oracle Corporation"/>
    <property name="sun.arch.data.model" value="64"/>
    <property name="user.variant" value=""/>
    <property name="java.vendor.url" value="https://java.oracle.com/"/>
    <property name="user.timezone" value="Europe/Warsaw"/>
    <property name="os.name" value="Windows 10"/>
    <property name="java.vm.specification.version" value="14"/>
    <property name="sun.java.launcher" value="SUN_STANDARD"/>
    <property name="user.country" value="US"/>
    <property name="sun.boot.library.path" value="C:\Program Files\Java\jdk-14.0.2\bin"/>
    <property name="sun.java.command" value="C:\Users\Svetik\AppData\Local\Temp\surefire3610756104962628891\surefirebooter4723851318444646708.jar C:\Users\Svetik\AppData\Local\Temp\surefire3610756104962628891 2023-01-24T20-20-02_722-jvmRun1 surefire10502971315657564138tmp surefire_07783691581821890166tmp"/>
    <property name="jdk.debug" value="release"/>
    <property name="surefire.test.class.path" value="C:\[ALL]\JavaSv\ForGit\ForGithub\Cucumber\target\test-classes;C:\[ALL]\JavaSv\ForGit\ForGithub\Cucumber\target\classes;C:\Users\Svetik\.m2\repository\io\cucumber\cucumber-java\6.8.1\cucumber-java-6.8.1.jar;C:\Users\Svetik\.m2\repository\io\cucumber\cucumber-core\6.8.1\cucumber-core-6.8.1.jar;C:\Users\Svetik\.m2\repository\io\cucumber\cucumber-gherkin\6.8.1\cucumber-gherkin-6.8.1.jar;C:\Users\Svetik\.m2\repository\io\cucumber\cucumber-gherkin-messages\6.8.1\cucumber-gherkin-messages-6.8.1.jar;C:\Users\Svetik\.m2\repository\io\cucumber\messages\13.1.0\messages-13.1.0.jar;C:\Users\Svetik\.m2\repository\io\cucumber\tag-expressions\3.0.0\tag-expressions-3.0.0.jar;C:\Users\Svetik\.m2\repository\io\cucumber\cucumber-expressions\10.3.0\cucumber-expressions-10.3.0.jar;C:\Users\Svetik\.m2\repository\io\cucumber\datatable\3.5.0\datatable-3.5.0.jar;C:\Users\Svetik\.m2\repository\io\cucumber\cucumber-plugin\6.8.1\cucumber-plugin-6.8.1.jar;C:\Users\Svetik\.m2\repository\io\cucumber\docstring\6.8.1\docstring-6.8.1.jar;C:\Users\Svetik\.m2\repository\io\cucumber\html-formatter\9.0.0\html-formatter-9.0.0.jar;C:\Users\Svetik\.m2\repository\io\cucumber\create-meta\2.0.2\create-meta-2.0.2.jar;C:\Users\Svetik\.m2\repository\org\apiguardian\apiguardian-api\1.1.0\apiguardian-api-1.1.0.jar;C:\Users\Svetik\.m2\repository\io\cucumber\cucumber-junit\6.8.1\cucumber-junit-6.8.1.jar;C:\Users\Svetik\.m2\repository\junit\junit\4.13\junit-4.13.jar;C:\Users\Svetik\.m2\repository\org\hamcrest\hamcrest-core\1.3\hamcrest-core-1.3.jar;C:\Users\Svetik\.m2\repository\com\codeborne\selenide\6.11.0\selenide-6.11.0.jar;C:\Users\Svetik\.m2\repository\org\seleniumhq\selenium\selenium-java\4.7.2\selenium-java-4.7.2.jar;C:\Users\Svetik\.m2\repository\org\seleniumhq\selenium\selenium-api\4.7.2\selenium-api-4.7.2.jar;C:\Users\Svetik\.m2\repository\org\seleniumhq\selenium\selenium-chrome-driver\4.7.2\selenium-chrome-driver-4.7.2.jar;C:\Users\Svetik\.m2\repository\com\google\auto\service\auto-service-annotations\1.0.1\auto-service-annotations-1.0.1.jar;C:\Users\Svetik\.m2\repository\com\google\auto\service\auto-service\1.0.1\auto-service-1.0.1.jar;C:\Users\Svetik\.m2\repository\com\google\auto\auto-common\1.2\auto-common-1.2.jar;C:\Users\Svetik\.m2\repository\org\seleniumhq\selenium\selenium-chromium-driver\4.7.2\selenium-chromium-driver-4.7.2.jar;C:\Users\Svetik\.m2\repository\org\seleniumhq\selenium\selenium-json\4.7.2\selenium-json-4.7.2.jar;C:\Users\Svetik\.m2\repository\org\seleniumhq\selenium\selenium-devtools-v106\4.7.2\selenium-devtools-v106-4.7.2.jar;C:\Users\Svetik\.m2\repository\org\seleniumhq\selenium\selenium-devtools-v107\4.7.2\selenium-devtools-v107-4.7.2.jar;C:\Users\Svetik\.m2\repository\org\seleniumhq\selenium\selenium-devtools-v108\4.7.2\selenium-devtools-v108-4.7.2.jar;C:\Users\Svetik\.m2\repository\org\seleniumhq\selenium\selenium-devtools-v85\4.7.2\selenium-devtools-v85-4.7.2.jar;C:\Users\Svetik\.m2\repository\org\seleniumhq\selenium\selenium-edge-driver\4.7.2\selenium-edge-driver-4.7.2.jar;C:\Users\Svetik\.m2\repository\org\seleniumhq\selenium\selenium-firefox-driver\4.7.2\selenium-firefox-driver-4.7.2.jar;C:\Users\Svetik\.m2\repository\org\seleniumhq\selenium\selenium-http\4.7.2\selenium-http-4.7.2.jar;C:\Users\Svetik\.m2\repository\dev\failsafe\failsafe\3.3.0\failsafe-3.3.0.jar;C:\Users\Svetik\.m2\repository\org\seleniumhq\selenium\selenium-ie-driver\4.7.2\selenium-ie-driver-4.7.2.jar;C:\Users\Svetik\.m2\repository\org\seleniumhq\selenium\selenium-remote-driver\4.7.2\selenium-remote-driver-4.7.2.jar;C:\Users\Svetik\.m2\repository\com\beust\jcommander\1.82\jcommander-1.82.jar;C:\Users\Svetik\.m2\repository\io\netty\netty-buffer\4.1.84.Final\netty-buffer-4.1.84.Final.jar;C:\Users\Svetik\.m2\repository\io\netty\netty-codec-http\4.1.84.Final\netty-codec-http-4.1.84.Final.jar;C:\Users\Svetik\.m2\repository\io\netty\netty-codec\4.1.84.Final\netty-codec-4.1.84.Final.jar;C:\Users\Svetik\.m2\repository\io\netty\netty-handler\4.1.84.Final\netty-handler-4.1.84.Final.jar;C:\Users\Svetik\.m2\repository\io\netty\netty-common\4.1.84.Final\netty-common-4.1.84.Final.jar;C:\Users\Svetik\.m2\repository\io\netty\netty-transport-classes-epoll\4.1.84.Final\netty-transport-classes-epoll-4.1.84.Final.jar;C:\Users\Svetik\.m2\repository\io\netty\netty-transport-classes-kqueue\4.1.84.Final\netty-transport-classes-kqueue-4.1.84.Final.jar;C:\Users\Svetik\.m2\repository\io\netty\netty-transport-native-epoll\4.1.84.Final\netty-transport-native-epoll-4.1.84.Final.jar;C:\Users\Svetik\.m2\repository\io\netty\netty-transport-native-kqueue\4.1.84.Final\netty-transport-native-kqueue-4.1.84.Final.jar;C:\Users\Svetik\.m2\repository\io\netty\netty-transport-native-unix-common\4.1.84.Final\netty-transport-native-unix-common-4.1.84.Final.jar;C:\Users\Svetik\.m2\repository\io\netty\netty-transport\4.1.84.Final\netty-transport-4.1.84.Final.jar;C:\Users\Svetik\.m2\repository\io\netty\netty-resolver\4.1.84.Final\netty-resolver-4.1.84.Final.jar;C:\Users\Svetik\.m2\repository\io\opentelemetry\opentelemetry-api\1.19.0\opentelemetry-api-1.19.0.jar;C:\Users\Svetik\.m2\repository\io\opentelemetry\opentelemetry-context\1.19.0\opentelemetry-context-1.19.0.jar;C:\Users\Svetik\.m2\repository\io\opentelemetry\opentelemetry-exporter-logging\1.19.0\opentelemetry-exporter-logging-1.19.0.jar;C:\Users\Svetik\.m2\repository\io\opentelemetry\opentelemetry-sdk-metrics\1.19.0\opentelemetry-sdk-metrics-1.19.0.jar;C:\Users\Svetik\.m2\repository\io\opentelemetry\opentelemetry-sdk-logs\1.19.0-alpha\opentelemetry-sdk-logs-1.19.0-alpha.jar;C:\Users\Svetik\.m2\repository\io\opentelemetry\opentelemetry-api-logs\1.19.0-alpha\opentelemetry-api-logs-1.19.0-alpha.jar;C:\Users\Svetik\.m2\repository\io\opentelemetry\opentelemetry-sdk-common\1.19.0\opentelemetry-sdk-common-1.19.0.jar;C:\Users\Svetik\.m2\repository\io\opentelemetry\opentelemetry-sdk-extension-autoconfigure-spi\1.19.0\opentelemetry-sdk-extension-autoconfigure-spi-1.19.0.jar;C:\Users\Svetik\.m2\repository\io\opentelemetry\opentelemetry-sdk-extension-autoconfigure\1.19.0-alpha\opentelemetry-sdk-extension-autoconfigure-1.19.0-alpha.jar;C:\Users\Svetik\.m2\repository\io\opentelemetry\opentelemetry-exporter-common\1.19.0\opentelemetry-exporter-common-1.19.0.jar;C:\Users\Svetik\.m2\repository\io\opentelemetry\opentelemetry-sdk-trace\1.19.0\opentelemetry-sdk-trace-1.19.0.jar;C:\Users\Svetik\.m2\repository\io\opentelemetry\opentelemetry-sdk\1.19.0\opentelemetry-sdk-1.19.0.jar;C:\Users\Svetik\.m2\repository\io\opentelemetry\opentelemetry-semconv\1.19.0-alpha\opentelemetry-semconv-1.19.0-alpha.jar;C:\Users\Svetik\.m2\repository\io\ous\jtoml\2.0.0\jtoml-2.0.0.jar;C:\Users\Svetik\.m2\repository\net\bytebuddy\byte-buddy\1.12.18\byte-buddy-1.12.18.jar;C:\Users\Svetik\.m2\repository\org\apache\commons\commons-exec\1.3\commons-exec-1.3.jar;C:\Users\Svetik\.m2\repository\org\asynchttpclient\async-http-client\2.12.3\async-http-client-2.12.3.jar;C:\Users\Svetik\.m2\repository\org\asynchttpclient\async-http-client-netty-utils\2.12.3\async-http-client-netty-utils-2.12.3.jar;C:\Users\Svetik\.m2\repository\io\netty\netty-codec-socks\4.1.60.Final\netty-codec-socks-4.1.60.Final.jar;C:\Users\Svetik\.m2\repository\io\netty\netty-handler-proxy\4.1.60.Final\netty-handler-proxy-4.1.60.Final.jar;C:\Users\Svetik\.m2\repository\io\netty\netty-transport-native-epoll\4.1.60.Final\netty-transport-native-epoll-4.1.60.Final-linux-x86_64.jar;C:\Users\Svetik\.m2\repository\io\netty\netty-transport-native-kqueue\4.1.60.Final\netty-transport-native-kqueue-4.1.60.Final-osx-x86_64.jar;C:\Users\Svetik\.m2\repository\org\reactivestreams\reactive-streams\1.0.3\reactive-streams-1.0.3.jar;C:\Users\Svetik\.m2\repository\com\typesafe\netty\netty-reactive-streams\2.0.4\netty-reactive-streams-2.0.4.jar;C:\Users\Svetik\.m2\repository\com\sun\activation\jakarta.activation\1.2.2\jakarta.activation-1.2.2.jar;C:\Users\Svetik\.m2\repository\org\seleniumhq\selenium\selenium-manager\4.7.2\selenium-manager-4.7.2.jar;C:\Users\Svetik\.m2\repository\org\seleniumhq\selenium\selenium-safari-driver\4.7.2\selenium-safari-driver-4.7.2.jar;C:\Users\Svetik\.m2\repository\org\seleniumhq\selenium\selenium-support\4.7.2\selenium-support-4.7.2.jar;C:\Users\Svetik\.m2\repository\org\slf4j\slf4j-api\2.0.6\slf4j-api-2.0.6.jar;C:\Users\Svetik\.m2\repository\com\codeborne\selenide-core\6.11.0\selenide-core-6.11.0.jar;C:\Users\Svetik\.m2\repository\org\opentest4j\opentest4j\1.2.0\opentest4j-1.2.0.jar;C:\Users\Svetik\.m2\repository\io\github\bonigarcia\webdrivermanager\5.3.1\webdrivermanager-5.3.1.jar;C:\Users\Svetik\.m2\repository\com\google\code\gson\gson\2.10\gson-2.10.jar;C:\Users\Svetik\.m2\repository\org\brotli\dec\0.1.2\dec-0.1.2.jar;C:\Users\Svetik\.m2\repository\org\apache\commons\commons-compress\1.22\commons-compress-1.22.jar;C:\Users\Svetik\.m2\repository\org\apache\httpcomponents\client5\httpclient5\5.2.1\httpclient5-5.2.1.jar;C:\Users\Svetik\.m2\repository\org\apache\httpcomponents\core5\httpcore5\5.2\httpcore5-5.2.jar;C:\Users\Svetik\.m2\repository\org\apache\httpcomponents\core5\httpcore5-h2\5.2\httpcore5-h2-5.2.jar;C:\Users\Svetik\.m2\repository\com\google\guava\guava\31.1-jre\guava-31.1-jre.jar;C:\Users\Svetik\.m2\repository\com\google\guava\failureaccess\1.0.1\failureaccess-1.0.1.jar;C:\Users\Svetik\.m2\repository\com\google\guava\listenablefuture\9999.0-empty-to-avoid-conflict-with-guava\listenablefuture-9999.0-empty-to-avoid-conflict-with-guava.jar;C:\Users\Svetik\.m2\repository\com\google\code\findbugs\jsr305\3.0.2\jsr305-3.0.2.jar;C:\Users\Svetik\.m2\repository\org\checkerframework\checker-qual\3.12.0\checker-qual-3.12.0.jar;C:\Users\Svetik\.m2\repository\com\google\errorprone\error_prone_annotations\2.11.0\error_prone_annotations-2.11.0.jar;C:\Users\Svetik\.m2\repository\com\google\j2objc\j2objc-annotations\1.3\j2objc-annotations-1.3.jar;C:\Users\Svetik\.m2\repository\org\apache\commons\commons-lang3\3.12.0\commons-lang3-3.12.0.jar;C:\Users\Svetik\.m2\repository\commons-io\commons-io\2.11.0\commons-io-2.11.0.jar;"/>
    <property name="sun.cpu.endian" value="little"/>
    <property name="user.home" value="C:\Users\Svetik"/>
    <property name="user.language" value="en"/>
    <property name="java.specification.vendor" value="Oracle Corporation"/>
    <property name="java.version.date" value="2020-07-14"/>
    <property name="java.home" value="C:\Program Files\Java\jdk-14.0.2"/>
    <property name="file.separator" value="\"/>
    <property name="basedir" value="C:\[ALL]\JavaSv\ForGit\ForGithub\Cucumber"/>
    <property name="java.vm.compressedOopsMode" value="Zero based"/>
    <property name="line.separator" value="&#10;"/>
    <property name="java.vm.specification.vendor" value="Oracle Corporation"/>
    <property name="java.specification.name" value="Java Platform API Specification"/>
    <property name="surefire.real.class.path" value="C:\Users\Svetik\AppData\Local\Temp\surefire3610756104962628891\surefirebooter4723851318444646708.jar"/>
    <property name="user.script" value=""/>
    <property name="sun.management.compiler" value="HotSpot 64-Bit Tiered Compilers"/>
    <property name="java.runtime.version" value="14.0.2+12-46"/>
    <property name="user.name" value="Svetik"/>
    <property name="path.separator" value=";"/>
    <property name="os.version" value="10.0"/>
    <property name="java.runtime.name" value="Java(TM) SE Runtime Environment"/>
    <property name="file.encoding" value="Cp1252"/>
    <property name="java.vm.name" value="Java HotSpot(TM) 64-Bit Server VM"/>
    <property name="localRepository" value="C:\Users\Svetik\.m2\repository"/>
    <property name="java.vendor.url.bug" value="https://bugreport.java.com/bugreport/"/>
    <property name="java.io.tmpdir" value="C:\Users\Svetik\AppData\Local\Temp\"/>
    <property name="idea.version" value="2020.2.3"/>
    <property name="java.version" value="14.0.2"/>
    <property name="user.dir" value="C:\[ALL]\JavaSv\ForGit\ForGithub\Cucumber"/>
    <property name="os.arch" value="amd64"/>
    <property name="java.vm.specification.name" value="Java Virtual Machine Specification"/>
    <property name="sun.os.patch.level" value=""/>
    <property name="java.library.path" value="C:\Program Files\Java\jdk-14.0.2\bin;C:\WINDOWS\Sun\Java\bin;C:\WINDOWS\system32;C:\WINDOWS;C:\Program Files\Common Files\Oracle\Java\javapath;C:\Program Files (x86)\Common Files\Oracle\Java\javapath;C:\Program Files (x86)\Intel\Intel(R) Management Engine Components\iCLS\;C:\Program Files\Intel\Intel(R) Management Engine Components\iCLS\;C:\WINDOWS\system32;C:\WINDOWS;C:\WINDOWS\System32\Wbem;C:\WINDOWS\System32\WindowsPowerShell\v1.0\;C:\Program Files (x86)\Intel\Intel(R) Management Engine Components\DAL;C:\Program Files\Intel\Intel(R) Management Engine Components\DAL;C:\Program Files (x86)\Intel\Intel(R) Management Engine Components\IPT;C:\Program Files\Intel\Intel(R) Management Engine Components\IPT;C:\WINDOWS\System32\OpenSSH\;C:\Program Files\Git\cmd;C:\[ALL]\JavaSv\projects\AllureLog\.allure\allure-2.13.6\bin;C:\Program Files\Java\jdk-14.0.2\bin;C:\[ALL]\JavaSv\apache-maven-3.8.1\bin;C:\Users\Svetik\AppData\Local\Microsoft\WindowsApps;C:\Program Files\JetBrains\IntelliJ IDEA 2020.2\bin;;C:\Program Files\JetBrains\IntelliJ IDEA Community Edition 2020.2.3\bin;;C:\Program Files\heroku\bin;C:\Program Files\PostgreSQL\14\bin;;."/>
    <property name="java.vm.info" value="mixed mode, sharing"/>
    <property name="java.vendor" value="Oracle Corporation"/>
    <property name="java.vm.version" value="14.0.2+12-46"/>
    <property name="sun.io.unicode.encoding" value="UnicodeLittle"/>
    <property name="java.class.version" value="58.0"/>
  </properties>
  <testcase name="Opening the auto menu" classname="Testing the dropdowns for auto and flat" time="9.866">
    <error message="The step &quot;The dropdown menu has appeared that displays &quot;&lt;categories_for_auto&gt;&quot; - division by price, by city and brand&quot; is undefined. You can implement it using the snippet(s) below:&#10;&#10;@Then(&quot;The dropdown menu has appeared that displays {string} - division by price, by city and brand&quot;)&#10;public void the_dropdown_menu_has_appeared_that_displays_division_by_price_by_city_and_brand(String string) {&#10;    // Write code here that turns the phrase above into concrete actions&#10;    throw new io.cucumber.java.PendingException();&#10;}&#10;" type="io.cucumber.junit.UndefinedStepException"><![CDATA[io.cucumber.junit.UndefinedStepException: 
The step "The dropdown menu has appeared that displays "<categories_for_auto>" - division by price, by city and brand" is undefined. You can implement it using the snippet(s) below:

@Then("The dropdown menu has appeared that displays {string} - division by price, by city and brand")
public void the_dropdown_menu_has_appeared_that_displays_division_by_price_by_city_and_brand(String string) {
    // Write code here that turns the phrase above into concrete actions
    throw new io.cucumber.java.PendingException();
}

]]></error>
    <system-out><![CDATA[
@auto
Scenario: Opening the auto menu                                                                                    &amp#27;[90m# ATcourse/dropdowns.feature:3&amp#27;[0m
  &amp#27;[32mGiven &amp#27;[0m&amp#27;[32mThe site &amp#27;[0m&amp#27;[32m&amp#27;[1m"https://onliner.by"&amp#27;[0m&amp#27;[32m is open&amp#27;[0m                                                                      &amp#27;[90m# ATcourse.StepDefinitions.the_site_is_open(java.lang.String)&amp#27;[0m
  &amp#27;[32mWhen &amp#27;[0m&amp#27;[32mThe cursor is on the auto menu&amp#27;[0m                                                                              &amp#27;[90m# ATcourse.StepDefinitions.the_cursor_is_on_the_auto_menu()&amp#27;[0m
  &amp#27;[33mThen &amp#27;[0m&amp#27;[33mThe dropdown menu has appeared that displays "<categories_for_auto>" - division by price, by city and brand&amp#27;[0m &amp#27;[90m# null&amp#27;[0m
]]></system-out>
    <system-err><![CDATA[SLF4J: No SLF4J providers were found.
SLF4J: Defaulting to no-operation (NOP) logger implementation
SLF4J: See https://www.slf4j.org/codes.html#noProviders for further details.
Starting ChromeDriver 109.0.5414.74 (e7c5703604daa9cc128ccf5a5d3e993513758913-refs/branch-heads/5414@{#1172}) on port 32157
Only local connections are allowed.
Please see https://chromedriver.chromium.org/security-considerations for suggestions on keeping ChromeDriver safe.
ChromeDriver was started successfully.
Jan 24, 2023 8:20:09 PM org.openqa.selenium.devtools.CdpVersionFinder findNearestMatch
WARNING: Unable to find an exact match for CDP version 109, so returning the closest version found: 108
]]></system-err>
  </testcase>
  <testcase name="Opening the flat menu #1" classname="Testing the dropdowns for auto and flat" time="9.06">
    <failure message="Element should have text &quot;Минск&quot; {By.xpath: //span[contains(@class,&apos;navigation__dropdown-advert-sign&apos;)]}&#10;Element: &apos;&lt;span class=&quot;b-main-navigation__dropdown-advert-sign&quot; displayed:false&gt;&lt;/span&gt;&apos;&#10;Actual value: text=&quot;&quot;&#10;Screenshot: file:/C:/%5BALL%5D/JavaSv/ForGit/ForGithub/Cucumber/build/reports/tests/1674588023021.0.png&#10;Page source: file:/C:/%5BALL%5D/JavaSv/ForGit/ForGithub/Cucumber/build/reports/tests/1674588023021.0.html&#10;Timeout: 4 s." type="com.codeborne.selenide.ex.ElementShould"><![CDATA[com.codeborne.selenide.ex.ElementShould: 
Element should have text "Минск" {By.xpath: //span[contains(@class,'navigation__dropdown-advert-sign')]}
Element: '<span class="b-main-navigation__dropdown-advert-sign" displayed:false></span>'
Actual value: text=""
Screenshot: file:/C:/%5BALL%5D/JavaSv/ForGit/ForGithub/Cucumber/build/reports/tests/1674588023021.0.png
Page source: file:/C:/%5BALL%5D/JavaSv/ForGit/ForGithub/Cucumber/build/reports/tests/1674588023021.0.html
Timeout: 4 s.
]]></failure>
    <system-out><![CDATA[
@flat
Scenario: Opening the flat menu                                                                       &amp#27;[90m# ATcourse/dropdowns.feature:19&amp#27;[0m
  &amp#27;[32mGiven &amp#27;[0m&amp#27;[32mThe site &amp#27;[0m&amp#27;[32m&amp#27;[1m"https://onliner.by"&amp#27;[0m&amp#27;[32m is open&amp#27;[0m                                                         &amp#27;[90m# ATcourse.StepDefinitions.the_site_is_open(java.lang.String)&amp#27;[0m
  &amp#27;[32mWhen &amp#27;[0m&amp#27;[32mThe cursor hovers the flat menu&amp#27;[0m                                                                &amp#27;[90m# ATcourse.StepDefinitions.the_cursor_hovers_the_flat_menu()&amp#27;[0m
  &amp#27;[31mThen &amp#27;[0m&amp#27;[31mThe dropdown menu has appeared that displays categories - cities, number of rooms, price range&amp#27;[0m &amp#27;[90m# ATcourse.StepDefinitions.dropdownFlatMenuTest()&amp#27;[0m
      &amp#27;[31mElement should have text "ÐœÐ¸Ð½Ñ�Ðº" {By.xpath: //span[contains(@class,'navigation__dropdown-advert-sign')]}
Element: '<span class="b-main-navigation__dropdown-advert-sign" displayed:false></span>'
Actual value: text=""
Screenshot: file:/C:/%5BALL%5D/JavaSv/ForGit/ForGithub/Cucumber/build/reports/tests/1674588023021.0.png
Page source: file:/C:/%5BALL%5D/JavaSv/ForGit/ForGithub/Cucumber/build/reports/tests/1674588023021.0.html
Timeout: 4 s.
	at com.codeborne.selenide.impl.WebElementSource.handleError(WebElementSource.java:146)
	at com.codeborne.selenide.impl.WebElementSource.checkConditionAndReturnElement(WebElementSource.java:124)
	at com.codeborne.selenide.impl.WebElementSource.checkCondition(WebElementSource.java:101)
	at com.codeborne.selenide.commands.Should.execute(Should.java:30)
	at com.codeborne.selenide.commands.Should.execute(Should.java:14)
	at com.codeborne.selenide.commands.Commands.execute(Commands.java:159)
	at com.codeborne.selenide.impl.SelenideElementProxy.dispatchAndRetry(SelenideElementProxy.java:131)
	at com.codeborne.selenide.impl.SelenideElementProxy.invoke(SelenideElementProxy.java:83)
	at com.sun.proxy.$Proxy18.shouldHave(Unknown Source)
	at ATcourse.pages.DropDownMenu.menuDisplayed(DropDownMenu.java:15)
	at ATcourse.StepDefinitions.dropdownFlatMenuTest(StepDefinitions.java:44)
	at âœ½.The dropdown menu has appeared that displays categories - cities, number of rooms, price range(classpath:ATcourse/dropdowns.feature:15)
&amp#27;[0m
]]></system-out>
  </testcase>
  <testcase name="Opening the flat menu #2" classname="Testing the dropdowns for auto and flat" time="7.494">
    <failure message="Element should have text &quot;Минск&quot; {By.xpath: //span[contains(@class,&apos;navigation__dropdown-advert-sign&apos;)]}&#10;Element: &apos;&lt;span class=&quot;b-main-navigation__dropdown-advert-sign&quot; displayed:false&gt;&lt;/span&gt;&apos;&#10;Actual value: text=&quot;&quot;&#10;Screenshot: file:/C:/%5BALL%5D/JavaSv/ForGit/ForGithub/Cucumber/build/reports/tests/1674588030703.1.png&#10;Page source: file:/C:/%5BALL%5D/JavaSv/ForGit/ForGithub/Cucumber/build/reports/tests/1674588030703.1.html&#10;Timeout: 4 s." type="com.codeborne.selenide.ex.ElementShould"><![CDATA[com.codeborne.selenide.ex.ElementShould: 
Element should have text "Минск" {By.xpath: //span[contains(@class,'navigation__dropdown-advert-sign')]}
Element: '<span class="b-main-navigation__dropdown-advert-sign" displayed:false></span>'
Actual value: text=""
Screenshot: file:/C:/%5BALL%5D/JavaSv/ForGit/ForGithub/Cucumber/build/reports/tests/1674588030703.1.png
Page source: file:/C:/%5BALL%5D/JavaSv/ForGit/ForGithub/Cucumber/build/reports/tests/1674588030703.1.html
Timeout: 4 s.
]]></failure>
    <system-out><![CDATA[
@flat
Scenario: Opening the flat menu                                                                       &amp#27;[90m# ATcourse/dropdowns.feature:20&amp#27;[0m
  &amp#27;[32mGiven &amp#27;[0m&amp#27;[32mThe site &amp#27;[0m&amp#27;[32m&amp#27;[1m"https://onliner.by"&amp#27;[0m&amp#27;[32m is open&amp#27;[0m                                                         &amp#27;[90m# ATcourse.StepDefinitions.the_site_is_open(java.lang.String)&amp#27;[0m
  &amp#27;[32mWhen &amp#27;[0m&amp#27;[32mThe cursor hovers the flat menu&amp#27;[0m                                                                &amp#27;[90m# ATcourse.StepDefinitions.the_cursor_hovers_the_flat_menu()&amp#27;[0m
  &amp#27;[31mThen &amp#27;[0m&amp#27;[31mThe dropdown menu has appeared that displays categories - cities, number of rooms, price range&amp#27;[0m &amp#27;[90m# ATcourse.StepDefinitions.dropdownFlatMenuTest()&amp#27;[0m
      &amp#27;[31mElement should have text "ÐœÐ¸Ð½Ñ�Ðº" {By.xpath: //span[contains(@class,'navigation__dropdown-advert-sign')]}
Element: '<span class="b-main-navigation__dropdown-advert-sign" displayed:false></span>'
Actual value: text=""
Screenshot: file:/C:/%5BALL%5D/JavaSv/ForGit/ForGithub/Cucumber/build/reports/tests/1674588030703.1.png
Page source: file:/C:/%5BALL%5D/JavaSv/ForGit/ForGithub/Cucumber/build/reports/tests/1674588030703.1.html
Timeout: 4 s.
	at com.codeborne.selenide.impl.WebElementSource.handleError(WebElementSource.java:146)
	at com.codeborne.selenide.impl.WebElementSource.checkConditionAndReturnElement(WebElementSource.java:124)
	at com.codeborne.selenide.impl.WebElementSource.checkCondition(WebElementSource.java:101)
	at com.codeborne.selenide.commands.Should.execute(Should.java:30)
	at com.codeborne.selenide.commands.Should.execute(Should.java:14)
	at com.codeborne.selenide.commands.Commands.execute(Commands.java:159)
	at com.codeborne.selenide.impl.SelenideElementProxy.dispatchAndRetry(SelenideElementProxy.java:131)
	at com.codeborne.selenide.impl.SelenideElementProxy.invoke(SelenideElementProxy.java:83)
	at com.sun.proxy.$Proxy18.shouldHave(Unknown Source)
	at ATcourse.pages.DropDownMenu.menuDisplayed(DropDownMenu.java:15)
	at ATcourse.StepDefinitions.dropdownFlatMenuTest(StepDefinitions.java:44)
	at âœ½.The dropdown menu has appeared that displays categories - cities, number of rooms, price range(classpath:ATcourse/dropdowns.feature:15)
&amp#27;[0m
]]></system-out>
  </testcase>
  <testcase name="Opening the flat menu #3" classname="Testing the dropdowns for auto and flat" time="8.436">
    <failure message="Element should have text &quot;Минск&quot; {By.xpath: //span[contains(@class,&apos;navigation__dropdown-advert-sign&apos;)]}&#10;Element: &apos;&lt;span class=&quot;b-main-navigation__dropdown-advert-sign&quot; displayed:false&gt;&lt;/span&gt;&apos;&#10;Actual value: text=&quot;&quot;&#10;Screenshot: file:/C:/%5BALL%5D/JavaSv/ForGit/ForGithub/Cucumber/build/reports/tests/1674588039254.2.png&#10;Page source: file:/C:/%5BALL%5D/JavaSv/ForGit/ForGithub/Cucumber/build/reports/tests/1674588039254.2.html&#10;Timeout: 4 s." type="com.codeborne.selenide.ex.ElementShould"><![CDATA[com.codeborne.selenide.ex.ElementShould: 
Element should have text "Минск" {By.xpath: //span[contains(@class,'navigation__dropdown-advert-sign')]}
Element: '<span class="b-main-navigation__dropdown-advert-sign" displayed:false></span>'
Actual value: text=""
Screenshot: file:/C:/%5BALL%5D/JavaSv/ForGit/ForGithub/Cucumber/build/reports/tests/1674588039254.2.png
Page source: file:/C:/%5BALL%5D/JavaSv/ForGit/ForGithub/Cucumber/build/reports/tests/1674588039254.2.html
Timeout: 4 s.
]]></failure>
    <system-out><![CDATA[
@flat
Scenario: Opening the flat menu                                                                       &amp#27;[90m# ATcourse/dropdowns.feature:21&amp#27;[0m
  &amp#27;[32mGiven &amp#27;[0m&amp#27;[32mThe site &amp#27;[0m&amp#27;[32m&amp#27;[1m"https://onliner.by"&amp#27;[0m&amp#27;[32m is open&amp#27;[0m                                                         &amp#27;[90m# ATcourse.StepDefinitions.the_site_is_open(java.lang.String)&amp#27;[0m
  &amp#27;[32mWhen &amp#27;[0m&amp#27;[32mThe cursor hovers the flat menu&amp#27;[0m                                                                &amp#27;[90m# ATcourse.StepDefinitions.the_cursor_hovers_the_flat_menu()&amp#27;[0m
  &amp#27;[31mThen &amp#27;[0m&amp#27;[31mThe dropdown menu has appeared that displays categories - cities, number of rooms, price range&amp#27;[0m &amp#27;[90m# ATcourse.StepDefinitions.dropdownFlatMenuTest()&amp#27;[0m
      &amp#27;[31mElement should have text "ÐœÐ¸Ð½Ñ�Ðº" {By.xpath: //span[contains(@class,'navigation__dropdown-advert-sign')]}
Element: '<span class="b-main-navigation__dropdown-advert-sign" displayed:false></span>'
Actual value: text=""
Screenshot: file:/C:/%5BALL%5D/JavaSv/ForGit/ForGithub/Cucumber/build/reports/tests/1674588039254.2.png
Page source: file:/C:/%5BALL%5D/JavaSv/ForGit/ForGithub/Cucumber/build/reports/tests/1674588039254.2.html
Timeout: 4 s.
	at com.codeborne.selenide.impl.WebElementSource.handleError(WebElementSource.java:146)
	at com.codeborne.selenide.impl.WebElementSource.checkConditionAndReturnElement(WebElementSource.java:124)
	at com.codeborne.selenide.impl.WebElementSource.checkCondition(WebElementSource.java:101)
	at com.codeborne.selenide.commands.Should.execute(Should.java:30)
	at com.codeborne.selenide.commands.Should.execute(Should.java:14)
	at com.codeborne.selenide.commands.Commands.execute(Commands.java:159)
	at com.codeborne.selenide.impl.SelenideElementProxy.dispatchAndRetry(SelenideElementProxy.java:131)
	at com.codeborne.selenide.impl.SelenideElementProxy.invoke(SelenideElementProxy.java:83)
	at com.sun.proxy.$Proxy18.shouldHave(Unknown Source)
	at ATcourse.pages.DropDownMenu.menuDisplayed(DropDownMenu.java:15)
	at ATcourse.StepDefinitions.dropdownFlatMenuTest(StepDefinitions.java:44)
	at âœ½.The dropdown menu has appeared that displays categories - cities, number of rooms, price range(classpath:ATcourse/dropdowns.feature:15)
&amp#27;[0m
]]></system-out>
  </testcase>
  <testcase name="Opening the flat menu #4" classname="Testing the dropdowns for auto and flat" time="8.005">
    <failure message="Element should have text &quot;Минск&quot; {By.xpath: //span[contains(@class,&apos;navigation__dropdown-advert-sign&apos;)]}&#10;Element: &apos;&lt;span class=&quot;b-main-navigation__dropdown-advert-sign&quot; displayed:false&gt;&lt;/span&gt;&apos;&#10;Actual value: text=&quot;&quot;&#10;Screenshot: file:/C:/%5BALL%5D/JavaSv/ForGit/ForGithub/Cucumber/build/reports/tests/1674588047260.3.png&#10;Page source: file:/C:/%5BALL%5D/JavaSv/ForGit/ForGithub/Cucumber/build/reports/tests/1674588047260.3.html&#10;Timeout: 4 s." type="com.codeborne.selenide.ex.ElementShould"><![CDATA[com.codeborne.selenide.ex.ElementShould: 
Element should have text "Минск" {By.xpath: //span[contains(@class,'navigation__dropdown-advert-sign')]}
Element: '<span class="b-main-navigation__dropdown-advert-sign" displayed:false></span>'
Actual value: text=""
Screenshot: file:/C:/%5BALL%5D/JavaSv/ForGit/ForGithub/Cucumber/build/reports/tests/1674588047260.3.png
Page source: file:/C:/%5BALL%5D/JavaSv/ForGit/ForGithub/Cucumber/build/reports/tests/1674588047260.3.html
Timeout: 4 s.
]]></failure>
    <system-out><![CDATA[
@flat
Scenario: Opening the flat menu                                                                       &amp#27;[90m# ATcourse/dropdowns.feature:22&amp#27;[0m
  &amp#27;[32mGiven &amp#27;[0m&amp#27;[32mThe site &amp#27;[0m&amp#27;[32m&amp#27;[1m"https://onliner.by"&amp#27;[0m&amp#27;[32m is open&amp#27;[0m                                                         &amp#27;[90m# ATcourse.StepDefinitions.the_site_is_open(java.lang.String)&amp#27;[0m
  &amp#27;[32mWhen &amp#27;[0m&amp#27;[32mThe cursor hovers the flat menu&amp#27;[0m                                                                &amp#27;[90m# ATcourse.StepDefinitions.the_cursor_hovers_the_flat_menu()&amp#27;[0m
  &amp#27;[31mThen &amp#27;[0m&amp#27;[31mThe dropdown menu has appeared that displays categories - cities, number of rooms, price range&amp#27;[0m &amp#27;[90m# ATcourse.StepDefinitions.dropdownFlatMenuTest()&amp#27;[0m
      &amp#27;[31mElement should have text "ÐœÐ¸Ð½Ñ�Ðº" {By.xpath: //span[contains(@class,'navigation__dropdown-advert-sign')]}
Element: '<span class="b-main-navigation__dropdown-advert-sign" displayed:false></span>'
Actual value: text=""
Screenshot: file:/C:/%5BALL%5D/JavaSv/ForGit/ForGithub/Cucumber/build/reports/tests/1674588047260.3.png
Page source: file:/C:/%5BALL%5D/JavaSv/ForGit/ForGithub/Cucumber/build/reports/tests/1674588047260.3.html
Timeout: 4 s.
	at com.codeborne.selenide.impl.WebElementSource.handleError(WebElementSource.java:146)
	at com.codeborne.selenide.impl.WebElementSource.checkConditionAndReturnElement(WebElementSource.java:124)
	at com.codeborne.selenide.impl.WebElementSource.checkCondition(WebElementSource.java:101)
	at com.codeborne.selenide.commands.Should.execute(Should.java:30)
	at com.codeborne.selenide.commands.Should.execute(Should.java:14)
	at com.codeborne.selenide.commands.Commands.execute(Commands.java:159)
	at com.codeborne.selenide.impl.SelenideElementProxy.dispatchAndRetry(SelenideElementProxy.java:131)
	at com.codeborne.selenide.impl.SelenideElementProxy.invoke(SelenideElementProxy.java:83)
	at com.sun.proxy.$Proxy18.shouldHave(Unknown Source)
	at ATcourse.pages.DropDownMenu.menuDisplayed(DropDownMenu.java:15)
	at ATcourse.StepDefinitions.dropdownFlatMenuTest(StepDefinitions.java:44)
	at âœ½.The dropdown menu has appeared that displays categories - cities, number of rooms, price range(classpath:ATcourse/dropdowns.feature:15)
&amp#27;[0m
]]></system-out>
  </testcase>
  <testcase name="Opening the flat menu #5" classname="Testing the dropdowns for auto and flat" time="7.8">
    <failure message="Element should have text &quot;Минск&quot; {By.xpath: //span[contains(@class,&apos;navigation__dropdown-advert-sign&apos;)]}&#10;Element: &apos;&lt;span class=&quot;b-main-navigation__dropdown-advert-sign&quot; displayed:false&gt;&lt;/span&gt;&apos;&#10;Actual value: text=&quot;&quot;&#10;Screenshot: file:/C:/%5BALL%5D/JavaSv/ForGit/ForGithub/Cucumber/build/reports/tests/1674588055023.4.png&#10;Page source: file:/C:/%5BALL%5D/JavaSv/ForGit/ForGithub/Cucumber/build/reports/tests/1674588055023.4.html&#10;Timeout: 4 s." type="com.codeborne.selenide.ex.ElementShould"><![CDATA[com.codeborne.selenide.ex.ElementShould: 
Element should have text "Минск" {By.xpath: //span[contains(@class,'navigation__dropdown-advert-sign')]}
Element: '<span class="b-main-navigation__dropdown-advert-sign" displayed:false></span>'
Actual value: text=""
Screenshot: file:/C:/%5BALL%5D/JavaSv/ForGit/ForGithub/Cucumber/build/reports/tests/1674588055023.4.png
Page source: file:/C:/%5BALL%5D/JavaSv/ForGit/ForGithub/Cucumber/build/reports/tests/1674588055023.4.html
Timeout: 4 s.
]]></failure>
    <system-out><![CDATA[
@flat
Scenario: Opening the flat menu                                                                       &amp#27;[90m# ATcourse/dropdowns.feature:23&amp#27;[0m
  &amp#27;[32mGiven &amp#27;[0m&amp#27;[32mThe site &amp#27;[0m&amp#27;[32m&amp#27;[1m"https://onliner.by"&amp#27;[0m&amp#27;[32m is open&amp#27;[0m                                                         &amp#27;[90m# ATcourse.StepDefinitions.the_site_is_open(java.lang.String)&amp#27;[0m
  &amp#27;[32mWhen &amp#27;[0m&amp#27;[32mThe cursor hovers the flat menu&amp#27;[0m                                                                &amp#27;[90m# ATcourse.StepDefinitions.the_cursor_hovers_the_flat_menu()&amp#27;[0m
  &amp#27;[31mThen &amp#27;[0m&amp#27;[31mThe dropdown menu has appeared that displays categories - cities, number of rooms, price range&amp#27;[0m &amp#27;[90m# ATcourse.StepDefinitions.dropdownFlatMenuTest()&amp#27;[0m
      &amp#27;[31mElement should have text "ÐœÐ¸Ð½Ñ�Ðº" {By.xpath: //span[contains(@class,'navigation__dropdown-advert-sign')]}
Element: '<span class="b-main-navigation__dropdown-advert-sign" displayed:false></span>'
Actual value: text=""
Screenshot: file:/C:/%5BALL%5D/JavaSv/ForGit/ForGithub/Cucumber/build/reports/tests/1674588055023.4.png
Page source: file:/C:/%5BALL%5D/JavaSv/ForGit/ForGithub/Cucumber/build/reports/tests/1674588055023.4.html
Timeout: 4 s.
	at com.codeborne.selenide.impl.WebElementSource.handleError(WebElementSource.java:146)
	at com.codeborne.selenide.impl.WebElementSource.checkConditionAndReturnElement(WebElementSource.java:124)
	at com.codeborne.selenide.impl.WebElementSource.checkCondition(WebElementSource.java:101)
	at com.codeborne.selenide.commands.Should.execute(Should.java:30)
	at com.codeborne.selenide.commands.Should.execute(Should.java:14)
	at com.codeborne.selenide.commands.Commands.execute(Commands.java:159)
	at com.codeborne.selenide.impl.SelenideElementProxy.dispatchAndRetry(SelenideElementProxy.java:131)
	at com.codeborne.selenide.impl.SelenideElementProxy.invoke(SelenideElementProxy.java:83)
	at com.sun.proxy.$Proxy18.shouldHave(Unknown Source)
	at ATcourse.pages.DropDownMenu.menuDisplayed(DropDownMenu.java:15)
	at ATcourse.StepDefinitions.dropdownFlatMenuTest(StepDefinitions.java:44)
	at âœ½.The dropdown menu has appeared that displays categories - cities, number of rooms, price range(classpath:ATcourse/dropdowns.feature:15)
&amp#27;[0m
]]></system-out>
  </testcase>
  <testcase name="Opening the flat menu #6" classname="Testing the dropdowns for auto and flat" time="7.328">
    <failure message="Element should have text &quot;Минск&quot; {By.xpath: //span[contains(@class,&apos;navigation__dropdown-advert-sign&apos;)]}&#10;Element: &apos;&lt;span class=&quot;b-main-navigation__dropdown-advert-sign&quot; displayed:false&gt;&lt;/span&gt;&apos;&#10;Actual value: text=&quot;&quot;&#10;Screenshot: file:/C:/%5BALL%5D/JavaSv/ForGit/ForGithub/Cucumber/build/reports/tests/1674588062418.5.png&#10;Page source: file:/C:/%5BALL%5D/JavaSv/ForGit/ForGithub/Cucumber/build/reports/tests/1674588062418.5.html&#10;Timeout: 4 s." type="com.codeborne.selenide.ex.ElementShould"><![CDATA[com.codeborne.selenide.ex.ElementShould: 
Element should have text "Минск" {By.xpath: //span[contains(@class,'navigation__dropdown-advert-sign')]}
Element: '<span class="b-main-navigation__dropdown-advert-sign" displayed:false></span>'
Actual value: text=""
Screenshot: file:/C:/%5BALL%5D/JavaSv/ForGit/ForGithub/Cucumber/build/reports/tests/1674588062418.5.png
Page source: file:/C:/%5BALL%5D/JavaSv/ForGit/ForGithub/Cucumber/build/reports/tests/1674588062418.5.html
Timeout: 4 s.
]]></failure>
    <system-out><![CDATA[
@flat
Scenario: Opening the flat menu                                                                       &amp#27;[90m# ATcourse/dropdowns.feature:24&amp#27;[0m
  &amp#27;[32mGiven &amp#27;[0m&amp#27;[32mThe site &amp#27;[0m&amp#27;[32m&amp#27;[1m"https://onliner.by"&amp#27;[0m&amp#27;[32m is open&amp#27;[0m                                                         &amp#27;[90m# ATcourse.StepDefinitions.the_site_is_open(java.lang.String)&amp#27;[0m
  &amp#27;[32mWhen &amp#27;[0m&amp#27;[32mThe cursor hovers the flat menu&amp#27;[0m                                                                &amp#27;[90m# ATcourse.StepDefinitions.the_cursor_hovers_the_flat_menu()&amp#27;[0m
  &amp#27;[31mThen &amp#27;[0m&amp#27;[31mThe dropdown menu has appeared that displays categories - cities, number of rooms, price range&amp#27;[0m &amp#27;[90m# ATcourse.StepDefinitions.dropdownFlatMenuTest()&amp#27;[0m
      &amp#27;[31mElement should have text "ÐœÐ¸Ð½Ñ�Ðº" {By.xpath: //span[contains(@class,'navigation__dropdown-advert-sign')]}
Element: '<span class="b-main-navigation__dropdown-advert-sign" displayed:false></span>'
Actual value: text=""
Screenshot: file:/C:/%5BALL%5D/JavaSv/ForGit/ForGithub/Cucumber/build/reports/tests/1674588062418.5.png
Page source: file:/C:/%5BALL%5D/JavaSv/ForGit/ForGithub/Cucumber/build/reports/tests/1674588062418.5.html
Timeout: 4 s.
	at com.codeborne.selenide.impl.WebElementSource.handleError(WebElementSource.java:146)
	at com.codeborne.selenide.impl.WebElementSource.checkConditionAndReturnElement(WebElementSource.java:124)
	at com.codeborne.selenide.impl.WebElementSource.checkCondition(WebElementSource.java:101)
	at com.codeborne.selenide.commands.Should.execute(Should.java:30)
	at com.codeborne.selenide.commands.Should.execute(Should.java:14)
	at com.codeborne.selenide.commands.Commands.execute(Commands.java:159)
	at com.codeborne.selenide.impl.SelenideElementProxy.dispatchAndRetry(SelenideElementProxy.java:131)
	at com.codeborne.selenide.impl.SelenideElementProxy.invoke(SelenideElementProxy.java:83)
	at com.sun.proxy.$Proxy18.shouldHave(Unknown Source)
	at ATcourse.pages.DropDownMenu.menuDisplayed(DropDownMenu.java:15)
	at ATcourse.StepDefinitions.dropdownFlatMenuTest(StepDefinitions.java:44)
	at âœ½.The dropdown menu has appeared that displays categories - cities, number of rooms, price range(classpath:ATcourse/dropdowns.feature:15)
&amp#27;[0m
]]></system-out>
  </testcase>
</testsuite>